line profiling: sample.interval=20000
#File 1: R//getQueryRowCount.R
#File 2: R//read.socrata.R
"sort.int" "sort.default" "sort" "<Anonymous>" "config" "default_config" "modify_config" "make_request" "<Anonymous>" 1#16 "getQueryRowCount" 2#52 "read.socrata" 
".Call" "<Anonymous>" "perform" "make_request" "<Anonymous>" 1#16 "getQueryRowCount" 2#52 "read.socrata" 
".Call" "<Anonymous>" "perform" "make_request" "<Anonymous>" 1#16 "getQueryRowCount" 2#52 "read.socrata" 
".Call" "<Anonymous>" "perform" "make_request" "<Anonymous>" 1#16 "getQueryRowCount" 2#52 "read.socrata" 
".Call" "<Anonymous>" "perform" "make_request" "<Anonymous>" 1#16 "getQueryRowCount" 2#52 "read.socrata" 
".Call" "<Anonymous>" "perform" "make_request" "<Anonymous>" 1#16 "getQueryRowCount" 2#52 "read.socrata" 
".Call" "<Anonymous>" "perform" "make_request" "<Anonymous>" 1#16 "getQueryRowCount" 2#52 "read.socrata" 
".Call" "<Anonymous>" "perform" "make_request" "<Anonymous>" 1#16 "getQueryRowCount" 2#52 "read.socrata" 
".Call" "<Anonymous>" "perform" "make_request" "<Anonymous>" 1#16 "getQueryRowCount" 2#52 "read.socrata" 
".Call" "<Anonymous>" "perform" "make_request" "<Anonymous>" 1#16 "getQueryRowCount" 2#52 "read.socrata" 
".Call" "<Anonymous>" "perform" "make_request" "<Anonymous>" 1#16 "getQueryRowCount" 2#52 "read.socrata" 
".Call" "<Anonymous>" "perform" "make_request" "<Anonymous>" 1#16 "getQueryRowCount" 2#52 "read.socrata" 
".Call" "<Anonymous>" "perform" "make_request" "<Anonymous>" 1#16 "getQueryRowCount" 2#52 "read.socrata" 
".Call" "<Anonymous>" "perform" "make_request" "<Anonymous>" 1#16 "getQueryRowCount" 2#52 "read.socrata" 
".Call" "<Anonymous>" "perform" "make_request" "<Anonymous>" 1#16 "getQueryRowCount" 2#52 "read.socrata" 
".Call" "<Anonymous>" "perform" "make_request" "<Anonymous>" 1#16 "getQueryRowCount" 2#52 "read.socrata" 
".Call" "<Anonymous>" "perform" "make_request" "<Anonymous>" 1#16 "getQueryRowCount" 2#52 "read.socrata" 
".Call" "<Anonymous>" "perform" "make_request" "<Anonymous>" 1#16 "getQueryRowCount" 2#52 "read.socrata" 
".Call" "<Anonymous>" "perform" "make_request" "<Anonymous>" 1#16 "getQueryRowCount" 2#52 "read.socrata" 
".Call" "<Anonymous>" "perform" "make_request" "<Anonymous>" 1#16 "getQueryRowCount" 2#52 "read.socrata" 
".Call" "<Anonymous>" "perform" "make_request" "<Anonymous>" 1#16 "getQueryRowCount" 2#52 "read.socrata" 
".Call" "<Anonymous>" "perform" "make_request" "<Anonymous>" 1#16 "getQueryRowCount" 2#52 "read.socrata" 
".Call" "<Anonymous>" "perform" "make_request" "<Anonymous>" 1#16 "getQueryRowCount" 2#52 "read.socrata" 
".Call" "<Anonymous>" "perform" "make_request" "<Anonymous>" 1#16 "getQueryRowCount" 2#52 "read.socrata" 
".Call" "<Anonymous>" "perform" "make_request" "<Anonymous>" 1#16 "getQueryRowCount" 2#52 "read.socrata" 
".Call" "<Anonymous>" "perform" "make_request" "<Anonymous>" 1#16 "getQueryRowCount" 2#52 "read.socrata" 
".Call" "<Anonymous>" "perform" "make_request" "<Anonymous>" 1#16 "getQueryRowCount" 2#52 "read.socrata" 
"strsplit" "<Anonymous>" ".Call" "<Anonymous>" "perform" "make_request" "<Anonymous>" 1#16 "getQueryRowCount" 2#52 "read.socrata" 
".Call" "<Anonymous>" "perform" "make_request" "<Anonymous>" 1#16 "getQueryRowCount" 2#52 "read.socrata" 
#File 3: R//getColumnNames.R
"gzfile" "readRDS" "packageDescription" "withCallingHandlers" "suppressWarnings" "packageVersion" "default_ua" "stopifnot" "user_agent" "default_config" "modify_config" "make_request" "<Anonymous>" "inherits" "is.response" "stopifnot" "<Anonymous>" 3#22 "getColumnNames" 2#62 "read.socrata" 
".Call" "<Anonymous>" "perform" "make_request" "<Anonymous>" "inherits" "is.response" "stopifnot" "<Anonymous>" 3#22 "getColumnNames" 2#62 "read.socrata" 
".Call" "<Anonymous>" "perform" "make_request" "<Anonymous>" "inherits" "is.response" "stopifnot" "<Anonymous>" 3#22 "getColumnNames" 2#62 "read.socrata" 
".Call" "<Anonymous>" "perform" "make_request" "<Anonymous>" "inherits" "is.response" "stopifnot" "<Anonymous>" 3#22 "getColumnNames" 2#62 "read.socrata" 
".Call" "<Anonymous>" "perform" "make_request" "<Anonymous>" "inherits" "is.response" "stopifnot" "<Anonymous>" 3#22 "getColumnNames" 2#62 "read.socrata" 
".Call" "<Anonymous>" "perform" "make_request" "<Anonymous>" "inherits" "is.response" "stopifnot" "<Anonymous>" 3#22 "getColumnNames" 2#62 "read.socrata" 
".Call" "<Anonymous>" "perform" "make_request" "<Anonymous>" "inherits" "is.response" "stopifnot" "<Anonymous>" 3#22 "getColumnNames" 2#62 "read.socrata" 
".Call" "<Anonymous>" "perform" "make_request" "<Anonymous>" "inherits" "is.response" "stopifnot" "<Anonymous>" 3#22 "getColumnNames" 2#62 "read.socrata" 
".Call" "<Anonymous>" "perform" "make_request" "<Anonymous>" "inherits" "is.response" "stopifnot" "<Anonymous>" 3#22 "getColumnNames" 2#62 "read.socrata" 
".Call" "<Anonymous>" "perform" "make_request" "<Anonymous>" "inherits" "is.response" "stopifnot" "<Anonymous>" 3#22 "getColumnNames" 2#62 "read.socrata" 
".Call" "<Anonymous>" "perform" "make_request" "<Anonymous>" "inherits" "is.response" "stopifnot" "<Anonymous>" 3#22 "getColumnNames" 2#62 "read.socrata" 
".Call" "<Anonymous>" "perform" "make_request" "<Anonymous>" "inherits" "is.response" "stopifnot" "<Anonymous>" 3#22 "getColumnNames" 2#62 "read.socrata" 
"nchar" "FUN" "lapply" "<Anonymous>" ".Call" "<Anonymous>" "perform" "make_request" "<Anonymous>" "inherits" "is.response" "stopifnot" "<Anonymous>" 3#22 "getColumnNames" 2#62 "read.socrata" 
"gc" "system.time" 2#89 "read.socrata" 
"re_call" "str_detect" "pull_off" "parse_url" "inherits" "is.url" "stopifnot" "build_url" "find_handle" "handle_url" "<Anonymous>" "system.time" 2#89 "read.socrata" 
".Call" "<Anonymous>" "perform" "make_request" "<Anonymous>" "system.time" 2#89 "read.socrata" 
".Call" "<Anonymous>" "perform" "make_request" "<Anonymous>" "system.time" 2#89 "read.socrata" 
".Call" "<Anonymous>" "perform" "make_request" "<Anonymous>" "system.time" 2#89 "read.socrata" 
".Call" "<Anonymous>" "perform" "make_request" "<Anonymous>" "system.time" 2#89 "read.socrata" 
".Call" "<Anonymous>" "perform" "make_request" "<Anonymous>" "system.time" 2#89 "read.socrata" 
"strsplit" "<Anonymous>" ".Call" "<Anonymous>" "perform" "make_request" "<Anonymous>" "system.time" 2#89 "read.socrata" 
"gc" "system.time" 2#89 "read.socrata" 
"sort.int" "sort.default" "sort" "<Anonymous>" "config" "add_headers" "c.config" "c" "c" "default_config" "modify_config" "make_request" "<Anonymous>" "system.time" 2#89 "read.socrata" 
".Call" "<Anonymous>" "perform" "make_request" "<Anonymous>" "system.time" 2#89 "read.socrata" 
".Call" "<Anonymous>" "perform" "make_request" "<Anonymous>" "system.time" 2#89 "read.socrata" 
".Call" "<Anonymous>" "perform" "make_request" "<Anonymous>" "system.time" 2#89 "read.socrata" 
".Call" "<Anonymous>" "perform" "make_request" "<Anonymous>" "system.time" 2#89 "read.socrata" 
".Call" "<Anonymous>" "perform" "make_request" "<Anonymous>" "system.time" 2#89 "read.socrata" 
".Call" "<Anonymous>" "perform" "make_request" "<Anonymous>" "system.time" 2#89 "read.socrata" 
"gc" "system.time" 2#89 "read.socrata" 
"gc" "system.time" 2#89 "read.socrata" 
".Call" "<Anonymous>" "perform" "make_request" "<Anonymous>" "system.time" 2#89 "read.socrata" 
".Call" "<Anonymous>" "perform" "make_request" "<Anonymous>" "system.time" 2#89 "read.socrata" 
".Call" "<Anonymous>" "perform" "make_request" "<Anonymous>" "system.time" 2#89 "read.socrata" 
".Call" "<Anonymous>" "perform" "make_request" "<Anonymous>" "system.time" 2#89 "read.socrata" 
".Call" "<Anonymous>" "perform" "make_request" "<Anonymous>" "system.time" 2#89 "read.socrata" 
"<Anonymous>" ".Call" "<Anonymous>" "perform" "make_request" "<Anonymous>" "system.time" 2#89 "read.socrata" 
"gc" "system.time" 2#89 "read.socrata" 
"gc" "system.time" 2#89 "read.socrata" 
".Call" "<Anonymous>" "perform" "make_request" "<Anonymous>" "system.time" 2#89 "read.socrata" 
".Call" "<Anonymous>" "perform" "make_request" "<Anonymous>" "system.time" 2#89 "read.socrata" 
".Call" "<Anonymous>" "perform" "make_request" "<Anonymous>" "system.time" 2#89 "read.socrata" 
".Call" "<Anonymous>" "perform" "make_request" "<Anonymous>" "system.time" 2#89 "read.socrata" 
".Call" "<Anonymous>" "perform" "make_request" "<Anonymous>" "system.time" 2#89 "read.socrata" 
".Call" "<Anonymous>" "perform" "make_request" "<Anonymous>" "system.time" 2#89 "read.socrata" 
"as.name" "getNamespace" ".Call" "<Anonymous>" "perform" "make_request" "<Anonymous>" "system.time" 2#89 "read.socrata" 
"gc" "system.time" 2#89 "read.socrata" 
".Call" "<Anonymous>" "perform" "make_request" "<Anonymous>" "system.time" 2#89 "read.socrata" 
".Call" "<Anonymous>" "perform" "make_request" "<Anonymous>" "system.time" 2#89 "read.socrata" 
".Call" "<Anonymous>" "perform" "make_request" "<Anonymous>" "system.time" 2#89 "read.socrata" 
".Call" "<Anonymous>" "perform" "make_request" "<Anonymous>" "system.time" 2#89 "read.socrata" 
".Call" "<Anonymous>" "perform" "make_request" "<Anonymous>" "system.time" 2#89 "read.socrata" 
".Call" "<Anonymous>" "perform" "make_request" "<Anonymous>" "system.time" 2#89 "read.socrata" 
"lapply" "<Anonymous>" ".Call" "<Anonymous>" "perform" "make_request" "<Anonymous>" "system.time" 2#89 "read.socrata" 
"gc" "system.time" 2#89 "read.socrata" 
"sort.int" "sort.default" "sort" "<Anonymous>" "config" "add_headers" "modify_config" "perform" "make_request" "<Anonymous>" "system.time" 2#89 "read.socrata" 
".Call" "<Anonymous>" "perform" "make_request" "<Anonymous>" "system.time" 2#89 "read.socrata" 
".Call" "<Anonymous>" "perform" "make_request" "<Anonymous>" "system.time" 2#89 "read.socrata" 
".Call" "<Anonymous>" "perform" "make_request" "<Anonymous>" "system.time" 2#89 "read.socrata" 
".Call" "<Anonymous>" "perform" "make_request" "<Anonymous>" "system.time" 2#89 "read.socrata" 
".Call" "<Anonymous>" "perform" "make_request" "<Anonymous>" "system.time" 2#89 "read.socrata" 
"vapply" "recyclable" "check_pattern" "str_split_fixed" "parse_media" "parse_auto" "FUN" "lapply" 2#102 "read.socrata" 
#File 4: R//getColumnDataTypes.R
".Call" "<Anonymous>" "perform" "make_request" "<Anonymous>" "inherits" "is.response" "stopifnot" "<Anonymous>" 4#9 "getColumnDataTypes" 2#121 "read.socrata" 
".Call" "<Anonymous>" "perform" "make_request" "<Anonymous>" "inherits" "is.response" "stopifnot" "<Anonymous>" 4#9 "getColumnDataTypes" 2#121 "read.socrata" 
".Call" "<Anonymous>" "perform" "make_request" "<Anonymous>" "inherits" "is.response" "stopifnot" "<Anonymous>" 4#9 "getColumnDataTypes" 2#121 "read.socrata" 
".Call" "<Anonymous>" "perform" "make_request" "<Anonymous>" "inherits" "is.response" "stopifnot" "<Anonymous>" 4#9 "getColumnDataTypes" 2#121 "read.socrata" 
"gsub" "FUN" "lapply" "<Anonymous>" ".Call" "<Anonymous>" "perform" "make_request" "<Anonymous>" "inherits" "is.response" "stopifnot" "<Anonymous>" 4#9 "getColumnDataTypes" 2#121 "read.socrata" 
"sort.int" "iconvlist" "match" "%in%" "parse_text" "<Anonymous>" "parser" "parse_auto" "<Anonymous>" 4#9 "getColumnDataTypes" 2#121 "read.socrata" 
